# JRE version: OpenJDK Runtime Environment (8.0_212-b04) (build 1.8.0_212-release-1586-b04)
# Java VM: OpenJDK 64-Bit Server VM (25.212-b04 mixed mode windows-amd64 compressed oops)
Heap:
 PSYoungGen      total 84992K, used 74119K [0x00000000e0000000, 0x00000000e5e00000, 0x0000000100000000)
  eden space 73728K, 91% used [0x00000000e0000000,0x00000000e420d1d8,0x00000000e4800000)
  from space 11264K, 57% used [0x00000000e5300000,0x00000000e5954cf0,0x00000000e5e00000)
  to   space 11264K, 0% used [0x00000000e4800000,0x00000000e4800000,0x00000000e5300000)
 ParOldGen       total 83968K, used 9052K [0x00000000a0000000, 0x00000000a5200000, 0x00000000e0000000)
  object space 83968K, 10% used [0x00000000a0000000,0x00000000a08d73b0,0x00000000a5200000)
 Metaspace       used 33488K, capacity 34004K, committed 34304K, reserved 1079296K
  class space    used 4600K, capacity 4787K, committed 4864K, reserved 1048576K
GC Heap History (10 events):
Event: 3.897 GC heap before
{Heap before GC invocations=3 (full 0):
 PSYoungGen      total 57344K, used 56864K [0x00000000e0000000, 0x00000000e4000000, 0x0000000100000000)
  eden space 49152K, 100% used [0x00000000e0000000,0x00000000e3000000,0x00000000e3000000)
  from space 8192K, 94% used [0x00000000e3800000,0x00000000e3f88258,0x00000000e4000000)
  to   space 8192K, 0% used [0x00000000e3000000,0x00000000e3000000,0x00000000e3800000)
 ParOldGen       total 131072K, used 16K [0x00000000a0000000, 0x00000000a8000000, 0x00000000e0000000)
  object space 131072K, 0% used [0x00000000a0000000,0x00000000a0004000,0x00000000a8000000)
 Metaspace       used 17303K, capacity 17654K, committed 17792K, reserved 1064960K
  class space    used 2493K, capacity 2639K, committed 2688K, reserved 1048576K
Event: 3.917 GC heap after
Heap after GC invocations=3 (full 0):
 PSYoungGen      total 57344K, used 8180K [0x00000000e0000000, 0x00000000e4000000, 0x0000000100000000)
  eden space 49152K, 0% used [0x00000000e0000000,0x00000000e0000000,0x00000000e3000000)
  from space 8192K, 99% used [0x00000000e3000000,0x00000000e37fd0b0,0x00000000e3800000)
  to   space 8192K, 0% used [0x00000000e3800000,0x00000000e3800000,0x00000000e4000000)
 ParOldGen       total 131072K, used 1647K [0x00000000a0000000, 0x00000000a8000000, 0x00000000e0000000)
  object space 131072K, 1% used [0x00000000a0000000,0x00000000a019bd50,0x00000000a8000000)
 Metaspace       used 17303K, capacity 17654K, committed 17792K, reserved 1064960K
  class space    used 2493K, capacity 2639K, committed 2688K, reserved 1048576K
}
Event: 4.324 GC heap before
{Heap before GC invocations=4 (full 0):
 PSYoungGen      total 57344K, used 31021K [0x00000000e0000000, 0x00000000e4000000, 0x0000000100000000)
  eden space 49152K, 46% used [0x00000000e0000000,0x00000000e164e378,0x00000000e3000000)
  from space 8192K, 99% used [0x00000000e3000000,0x00000000e37fd0b0,0x00000000e3800000)
  to   space 8192K, 0% used [0x00000000e3800000,0x00000000e3800000,0x00000000e4000000)
 ParOldGen       total 131072K, used 1647K [0x00000000a0000000, 0x00000000a8000000, 0x00000000e0000000)
  object space 131072K, 1% used [0x00000000a0000000,0x00000000a019bd50,0x00000000a8000000)
 Metaspace       used 20719K, capacity 21026K, committed 21248K, reserved 1067008K
  class space    used 2844K, capacity 2993K, committed 3072K, reserved 1048576K
Event: 4.337 GC heap after
Heap after GC invocations=4 (full 0):
 PSYoungGen      total 57344K, used 8188K [0x00000000e0000000, 0x00000000e4000000, 0x0000000100000000)
  eden space 49152K, 0% used [0x00000000e0000000,0x00000000e0000000,0x00000000e3000000)
  from space 8192K, 99% used [0x00000000e3800000,0x00000000e3fff328,0x00000000e4000000)
  to   space 8192K, 0% used [0x00000000e3000000,0x00000000e3000000,0x00000000e3800000)
 ParOldGen       total 131072K, used 2706K [0x00000000a0000000, 0x00000000a8000000, 0x00000000e0000000)
  object space 131072K, 2% used [0x00000000a0000000,0x00000000a02a4990,0x00000000a8000000)
 Metaspace       used 20719K, capacity 21026K, committed 21248K, reserved 1067008K
  class space    used 2844K, capacity 2993K, committed 3072K, reserved 1048576K
}
Event: 4.337 GC heap before
{Heap before GC invocations=5 (full 1):
 PSYoungGen      total 57344K, used 8188K [0x00000000e0000000, 0x00000000e4000000, 0x0000000100000000)
  eden space 49152K, 0% used [0x00000000e0000000,0x00000000e0000000,0x00000000e3000000)
  from space 8192K, 99% used [0x00000000e3800000,0x00000000e3fff328,0x00000000e4000000)
  to   space 8192K, 0% used [0x00000000e3000000,0x00000000e3000000,0x00000000e3800000)
 ParOldGen       total 131072K, used 2706K [0x00000000a0000000, 0x00000000a8000000, 0x00000000e0000000)
  object space 131072K, 2% used [0x00000000a0000000,0x00000000a02a4990,0x00000000a8000000)
 Metaspace       used 20719K, capacity 21026K, committed 21248K, reserved 1067008K
  class space    used 2844K, capacity 2993K, committed 3072K, reserved 1048576K
Event: 4.400 GC heap after
Heap after GC invocations=5 (full 1):
 PSYoungGen      total 57344K, used 0K [0x00000000e0000000, 0x00000000e4000000, 0x0000000100000000)
  eden space 49152K, 0% used [0x00000000e0000000,0x00000000e0000000,0x00000000e3000000)
  from space 8192K, 0% used [0x00000000e3800000,0x00000000e3800000,0x00000000e4000000)
  to   space 8192K, 0% used [0x00000000e3000000,0x00000000e3000000,0x00000000e3800000)
 ParOldGen       total 83968K, used 9036K [0x00000000a0000000, 0x00000000a5200000, 0x00000000e0000000)
  object space 83968K, 10% used [0x00000000a0000000,0x00000000a08d33b0,0x00000000a5200000)
 Metaspace       used 20719K, capacity 21026K, committed 21248K, reserved 1067008K
  class space    used 2844K, capacity 2993K, committed 3072K, reserved 1048576K
}
Event: 5.957 GC heap before
{Heap before GC invocations=6 (full 1):
 PSYoungGen      total 57344K, used 49152K [0x00000000e0000000, 0x00000000e4000000, 0x0000000100000000)
  eden space 49152K, 100% used [0x00000000e0000000,0x00000000e3000000,0x00000000e3000000)
  from space 8192K, 0% used [0x00000000e3800000,0x00000000e3800000,0x00000000e4000000)
  to   space 8192K, 0% used [0x00000000e3000000,0x00000000e3000000,0x00000000e3800000)
 ParOldGen       total 83968K, used 9036K [0x00000000a0000000, 0x00000000a5200000, 0x00000000e0000000)
  object space 83968K, 10% used [0x00000000a0000000,0x00000000a08d33b0,0x00000000a5200000)
 Metaspace       used 26702K, capacity 27092K, committed 27392K, reserved 1073152K
  class space    used 3627K, capacity 3797K, committed 3840K, reserved 1048576K
Event: 5.965 GC heap after
Heap after GC invocations=6 (full 1):
 PSYoungGen      total 57344K, used 6214K [0x00000000e0000000, 0x00000000e5e80000, 0x0000000100000000)
  eden space 49152K, 0% used [0x00000000e0000000,0x00000000e0000000,0x00000000e3000000)
  from space 8192K, 75% used [0x00000000e3000000,0x00000000e3611888,0x00000000e3800000)
  to   space 11776K, 0% used [0x00000000e5300000,0x00000000e5300000,0x00000000e5e80000)
 ParOldGen       total 83968K, used 9044K [0x00000000a0000000, 0x00000000a5200000, 0x00000000e0000000)
  object space 83968K, 10% used [0x00000000a0000000,0x00000000a08d53b0,0x00000000a5200000)
 Metaspace       used 26702K, capacity 27092K, committed 27392K, reserved 1073152K
  class space    used 3627K, capacity 3797K, committed 3840K, reserved 1048576K
}
Event: 6.668 GC heap before
{Heap before GC invocations=7 (full 1):
 PSYoungGen      total 57344K, used 55366K [0x00000000e0000000, 0x00000000e5e80000, 0x0000000100000000)
  eden space 49152K, 100% used [0x00000000e0000000,0x00000000e3000000,0x00000000e3000000)
  from space 8192K, 75% used [0x00000000e3000000,0x00000000e3611888,0x00000000e3800000)
  to   space 11776K, 0% used [0x00000000e5300000,0x00000000e5300000,0x00000000e5e80000)
 ParOldGen       total 83968K, used 9044K [0x00000000a0000000, 0x00000000a5200000, 0x00000000e0000000)
  object space 83968K, 10% used [0x00000000a0000000,0x00000000a08d53b0,0x00000000a5200000)
 Metaspace       used 29624K, capacity 29988K, committed 30336K, reserved 1075200K
  class space    used 4021K, capacity 4163K, committed 4224K, reserved 1048576K
Event: 6.679 GC heap after
Heap after GC invocations=7 (full 1):
 PSYoungGen      total 84992K, used 6483K [0x00000000e0000000, 0x00000000e5e00000, 0x0000000100000000)
  eden space 73728K, 0% used [0x00000000e0000000,0x00000000e0000000,0x00000000e4800000)
  from space 11264K, 57% used [0x00000000e5300000,0x00000000e5954cf0,0x00000000e5e00000)
  to   space 11264K, 0% used [0x00000000e4800000,0x00000000e4800000,0x00000000e5300000)
 ParOldGen       total 83968K, used 9052K [0x00000000a0000000, 0x00000000a5200000, 0x00000000e0000000)
  object space 83968K, 10% used [0x00000000a0000000,0x00000000a08d73b0,0x00000000a5200000)
 Metaspace       used 29624K, capacity 29988K, committed 30336K, reserved 1075200K
  class space    used 4021K, capacity 4163K, committed 4224K, reserved 1048576K
}

