# JRE version: OpenJDK Runtime Environment (8.0_212-b04) (build 1.8.0_212-release-1586-b04)
# Java VM: OpenJDK 64-Bit Server VM (25.212-b04 mixed mode windows-amd64 compressed oops)
Heap:
 PSYoungGen      total 84992K, used 9293K [0x00000000e0000000, 0x00000000e6300000, 0x0000000100000000)
  eden space 72704K, 2% used [0x00000000e0000000,0x00000000e0190860,0x00000000e4700000)
  from space 12288K, 62% used [0x00000000e5280000,0x00000000e5a02cc8,0x00000000e5e80000)
  to   space 11776K, 0% used [0x00000000e4700000,0x00000000e4700000,0x00000000e5280000)
 ParOldGen       total 87552K, used 9776K [0x00000000a0000000, 0x00000000a5580000, 0x00000000e0000000)
  object space 87552K, 11% used [0x00000000a0000000,0x00000000a098c3c8,0x00000000a5580000)
 Metaspace       used 30637K, capacity 31064K, committed 31232K, reserved 1077248K
  class space    used 4168K, capacity 4333K, committed 4352K, reserved 1048576K
GC Heap History (10 events):
Event: 4.237 GC heap before
{Heap before GC invocations=3 (full 0):
 PSYoungGen      total 57344K, used 56898K [0x00000000e0000000, 0x00000000e4000000, 0x0000000100000000)
  eden space 49152K, 100% used [0x00000000e0000000,0x00000000e3000000,0x00000000e3000000)
  from space 8192K, 94% used [0x00000000e3800000,0x00000000e3f90b00,0x00000000e4000000)
  to   space 8192K, 0% used [0x00000000e3000000,0x00000000e3000000,0x00000000e3800000)
 ParOldGen       total 131072K, used 16K [0x00000000a0000000, 0x00000000a8000000, 0x00000000e0000000)
  object space 131072K, 0% used [0x00000000a0000000,0x00000000a0004000,0x00000000a8000000)
 Metaspace       used 17324K, capacity 17698K, committed 18048K, reserved 1064960K
  class space    used 2493K, capacity 2649K, committed 2688K, reserved 1048576K
Event: 4.264 GC heap after
Heap after GC invocations=3 (full 0):
 PSYoungGen      total 57344K, used 8177K [0x00000000e0000000, 0x00000000e4000000, 0x0000000100000000)
  eden space 49152K, 0% used [0x00000000e0000000,0x00000000e0000000,0x00000000e3000000)
  from space 8192K, 99% used [0x00000000e3000000,0x00000000e37fc410,0x00000000e3800000)
  to   space 8192K, 0% used [0x00000000e3800000,0x00000000e3800000,0x00000000e4000000)
 ParOldGen       total 131072K, used 1733K [0x00000000a0000000, 0x00000000a8000000, 0x00000000e0000000)
  object space 131072K, 1% used [0x00000000a0000000,0x00000000a01b1410,0x00000000a8000000)
 Metaspace       used 17324K, capacity 17698K, committed 18048K, reserved 1064960K
  class space    used 2493K, capacity 2649K, committed 2688K, reserved 1048576K
}
Event: 5.019 GC heap before
{Heap before GC invocations=4 (full 0):
 PSYoungGen      total 57344K, used 37843K [0x00000000e0000000, 0x00000000e4000000, 0x0000000100000000)
  eden space 49152K, 60% used [0x00000000e0000000,0x00000000e1cf8a18,0x00000000e3000000)
  from space 8192K, 99% used [0x00000000e3000000,0x00000000e37fc410,0x00000000e3800000)
  to   space 8192K, 0% used [0x00000000e3800000,0x00000000e3800000,0x00000000e4000000)
 ParOldGen       total 131072K, used 1733K [0x00000000a0000000, 0x00000000a8000000, 0x00000000e0000000)
  object space 131072K, 1% used [0x00000000a0000000,0x00000000a01b1410,0x00000000a8000000)
 Metaspace       used 20632K, capacity 21114K, committed 21296K, reserved 1067008K
  class space    used 2896K, capacity 3090K, committed 3200K, reserved 1048576K
Event: 5.034 GC heap after
Heap after GC invocations=4 (full 0):
 PSYoungGen      total 57344K, used 8181K [0x00000000e0000000, 0x00000000e4000000, 0x0000000100000000)
  eden space 49152K, 0% used [0x00000000e0000000,0x00000000e0000000,0x00000000e3000000)
  from space 8192K, 99% used [0x00000000e3800000,0x00000000e3ffd730,0x00000000e4000000)
  to   space 8192K, 0% used [0x00000000e3000000,0x00000000e3000000,0x00000000e3800000)
 ParOldGen       total 131072K, used 3563K [0x00000000a0000000, 0x00000000a8000000, 0x00000000e0000000)
  object space 131072K, 2% used [0x00000000a0000000,0x00000000a037ad08,0x00000000a8000000)
 Metaspace       used 20632K, capacity 21114K, committed 21296K, reserved 1067008K
  class space    used 2896K, capacity 3090K, committed 3200K, reserved 1048576K
}
Event: 5.034 GC heap before
{Heap before GC invocations=5 (full 1):
 PSYoungGen      total 57344K, used 8181K [0x00000000e0000000, 0x00000000e4000000, 0x0000000100000000)
  eden space 49152K, 0% used [0x00000000e0000000,0x00000000e0000000,0x00000000e3000000)
  from space 8192K, 99% used [0x00000000e3800000,0x00000000e3ffd730,0x00000000e4000000)
  to   space 8192K, 0% used [0x00000000e3000000,0x00000000e3000000,0x00000000e3800000)
 ParOldGen       total 131072K, used 3563K [0x00000000a0000000, 0x00000000a8000000, 0x00000000e0000000)
  object space 131072K, 2% used [0x00000000a0000000,0x00000000a037ad08,0x00000000a8000000)
 Metaspace       used 20632K, capacity 21114K, committed 21296K, reserved 1067008K
  class space    used 2896K, capacity 3090K, committed 3200K, reserved 1048576K
Event: 5.108 GC heap after
Heap after GC invocations=5 (full 1):
 PSYoungGen      total 57344K, used 0K [0x00000000e0000000, 0x00000000e4000000, 0x0000000100000000)
  eden space 49152K, 0% used [0x00000000e0000000,0x00000000e0000000,0x00000000e3000000)
  from space 8192K, 0% used [0x00000000e3800000,0x00000000e3800000,0x00000000e4000000)
  to   space 8192K, 0% used [0x00000000e3000000,0x00000000e3000000,0x00000000e3800000)
 ParOldGen       total 87552K, used 9776K [0x00000000a0000000, 0x00000000a5580000, 0x00000000e0000000)
  object space 87552K, 11% used [0x00000000a0000000,0x00000000a098c3c8,0x00000000a5580000)
 Metaspace       used 20632K, capacity 21114K, committed 21296K, reserved 1067008K
  class space    used 2896K, capacity 3090K, committed 3200K, reserved 1048576K
}
Event: 6.141 GC heap before
{Heap before GC invocations=6 (full 1):
 PSYoungGen      total 57344K, used 49152K [0x00000000e0000000, 0x00000000e4000000, 0x0000000100000000)
  eden space 49152K, 100% used [0x00000000e0000000,0x00000000e3000000,0x00000000e3000000)
  from space 8192K, 0% used [0x00000000e3800000,0x00000000e3800000,0x00000000e4000000)
  to   space 8192K, 0% used [0x00000000e3000000,0x00000000e3000000,0x00000000e3800000)
 ParOldGen       total 87552K, used 9776K [0x00000000a0000000, 0x00000000a5580000, 0x00000000e0000000)
  object space 87552K, 11% used [0x00000000a0000000,0x00000000a098c3c8,0x00000000a5580000)
 Metaspace       used 26650K, capacity 27126K, committed 27392K, reserved 1073152K
  class space    used 3587K, capacity 3770K, committed 3840K, reserved 1048576K
Event: 6.151 GC heap after
Heap after GC invocations=6 (full 1):
 PSYoungGen      total 57344K, used 5756K [0x00000000e0000000, 0x00000000e5e80000, 0x0000000100000000)
  eden space 49152K, 0% used [0x00000000e0000000,0x00000000e0000000,0x00000000e3000000)
  from space 8192K, 70% used [0x00000000e3000000,0x00000000e359f110,0x00000000e3800000)
  to   space 12288K, 0% used [0x00000000e5280000,0x00000000e5280000,0x00000000e5e80000)
 ParOldGen       total 87552K, used 9776K [0x00000000a0000000, 0x00000000a5580000, 0x00000000e0000000)
  object space 87552K, 11% used [0x00000000a0000000,0x00000000a098c3c8,0x00000000a5580000)
 Metaspace       used 26650K, capacity 27126K, committed 27392K, reserved 1073152K
  class space    used 3587K, capacity 3770K, committed 3840K, reserved 1048576K
}
Event: 7.071 GC heap before
{Heap before GC invocations=7 (full 1):
 PSYoungGen      total 57344K, used 54803K [0x00000000e0000000, 0x00000000e5e80000, 0x0000000100000000)
  eden space 49152K, 99% used [0x00000000e0000000,0x00000000e2fe5b88,0x00000000e3000000)
  from space 8192K, 70% used [0x00000000e3000000,0x00000000e359f110,0x00000000e3800000)
  to   space 12288K, 0% used [0x00000000e5280000,0x00000000e5280000,0x00000000e5e80000)
 ParOldGen       total 87552K, used 9776K [0x00000000a0000000, 0x00000000a5580000, 0x00000000e0000000)
  object space 87552K, 11% used [0x00000000a0000000,0x00000000a098c3c8,0x00000000a5580000)
 Metaspace       used 30315K, capacity 30808K, committed 30976K, reserved 1075200K
  class space    used 4156K, capacity 4333K, committed 4352K, reserved 1048576K
Event: 7.111 GC heap after
Heap after GC invocations=7 (full 1):
 PSYoungGen      total 84992K, used 7691K [0x00000000e0000000, 0x00000000e6300000, 0x0000000100000000)
  eden space 72704K, 0% used [0x00000000e0000000,0x00000000e0000000,0x00000000e4700000)
  from space 12288K, 62% used [0x00000000e5280000,0x00000000e5a02cc8,0x00000000e5e80000)
  to   space 11776K, 0% used [0x00000000e4700000,0x00000000e4700000,0x00000000e5280000)
 ParOldGen       total 87552K, used 9776K [0x00000000a0000000, 0x00000000a5580000, 0x00000000e0000000)
  object space 87552K, 11% used [0x00000000a0000000,0x00000000a098c3c8,0x00000000a5580000)
 Metaspace       used 30315K, capacity 30808K, committed 30976K, reserved 1075200K
  class space    used 4156K, capacity 4333K, committed 4352K, reserved 1048576K
}

