# JRE version: OpenJDK Runtime Environment (8.0_212-b04) (build 1.8.0_212-release-1586-b04)
# Java VM: OpenJDK 64-Bit Server VM (25.212-b04 mixed mode windows-amd64 compressed oops)
Heap:
 PSYoungGen      total 85504K, used 24264K [0x00000000e0000000, 0x00000000e6080000, 0x0000000100000000)
  eden space 74240K, 23% used [0x00000000e0000000,0x00000000e115f8c8,0x00000000e4880000)
  from space 11264K, 57% used [0x00000000e5380000,0x00000000e59d2ae0,0x00000000e5e80000)
  to   space 11264K, 0% used [0x00000000e4880000,0x00000000e4880000,0x00000000e5380000)
 ParOldGen       total 83456K, used 8864K [0x00000000a0000000, 0x00000000a5180000, 0x00000000e0000000)
  object space 83456K, 10% used [0x00000000a0000000,0x00000000a08a80c0,0x00000000a5180000)
 Metaspace       used 30582K, capacity 30944K, committed 31360K, reserved 1077248K
  class space    used 4194K, capacity 4355K, committed 4480K, reserved 1048576K
GC Heap History (10 events):
Event: 4.010 GC heap before
{Heap before GC invocations=3 (full 0):
 PSYoungGen      total 57344K, used 56904K [0x00000000e0000000, 0x00000000e4000000, 0x0000000100000000)
  eden space 49152K, 100% used [0x00000000e0000000,0x00000000e3000000,0x00000000e3000000)
  from space 8192K, 94% used [0x00000000e3800000,0x00000000e3f921f8,0x00000000e4000000)
  to   space 8192K, 0% used [0x00000000e3000000,0x00000000e3000000,0x00000000e3800000)
 ParOldGen       total 131072K, used 16K [0x00000000a0000000, 0x00000000a8000000, 0x00000000e0000000)
  object space 131072K, 0% used [0x00000000a0000000,0x00000000a0004020,0x00000000a8000000)
 Metaspace       used 17481K, capacity 17874K, committed 18048K, reserved 1064960K
  class space    used 2511K, capacity 2671K, committed 2688K, reserved 1048576K
Event: 4.036 GC heap after
Heap after GC invocations=3 (full 0):
 PSYoungGen      total 57344K, used 8182K [0x00000000e0000000, 0x00000000e4000000, 0x0000000100000000)
  eden space 49152K, 0% used [0x00000000e0000000,0x00000000e0000000,0x00000000e3000000)
  from space 8192K, 99% used [0x00000000e3000000,0x00000000e37fdb48,0x00000000e3800000)
  to   space 8192K, 0% used [0x00000000e3800000,0x00000000e3800000,0x00000000e4000000)
 ParOldGen       total 131072K, used 1673K [0x00000000a0000000, 0x00000000a8000000, 0x00000000e0000000)
  object space 131072K, 1% used [0x00000000a0000000,0x00000000a01a24b8,0x00000000a8000000)
 Metaspace       used 17481K, capacity 17874K, committed 18048K, reserved 1064960K
  class space    used 2511K, capacity 2671K, committed 2688K, reserved 1048576K
}
Event: 4.744 GC heap before
{Heap before GC invocations=4 (full 0):
 PSYoungGen      total 57344K, used 29214K [0x00000000e0000000, 0x00000000e4000000, 0x0000000100000000)
  eden space 49152K, 42% used [0x00000000e0000000,0x00000000e148a010,0x00000000e3000000)
  from space 8192K, 99% used [0x00000000e3000000,0x00000000e37fdb48,0x00000000e3800000)
  to   space 8192K, 0% used [0x00000000e3800000,0x00000000e3800000,0x00000000e4000000)
 ParOldGen       total 131072K, used 1673K [0x00000000a0000000, 0x00000000a8000000, 0x00000000e0000000)
  object space 131072K, 1% used [0x00000000a0000000,0x00000000a01a24b8,0x00000000a8000000)
 Metaspace       used 20665K, capacity 21022K, committed 21248K, reserved 1067008K
  class space    used 2835K, capacity 2993K, committed 3072K, reserved 1048576K
Event: 4.757 GC heap after
Heap after GC invocations=4 (full 0):
 PSYoungGen      total 57344K, used 8173K [0x00000000e0000000, 0x00000000e4000000, 0x0000000100000000)
  eden space 49152K, 0% used [0x00000000e0000000,0x00000000e0000000,0x00000000e3000000)
  from space 8192K, 99% used [0x00000000e3800000,0x00000000e3ffb5e8,0x00000000e4000000)
  to   space 8192K, 0% used [0x00000000e3000000,0x00000000e3000000,0x00000000e3800000)
 ParOldGen       total 131072K, used 2535K [0x00000000a0000000, 0x00000000a8000000, 0x00000000e0000000)
  object space 131072K, 1% used [0x00000000a0000000,0x00000000a0279e78,0x00000000a8000000)
 Metaspace       used 20665K, capacity 21022K, committed 21248K, reserved 1067008K
  class space    used 2835K, capacity 2993K, committed 3072K, reserved 1048576K
}
Event: 4.757 GC heap before
{Heap before GC invocations=5 (full 1):
 PSYoungGen      total 57344K, used 8173K [0x00000000e0000000, 0x00000000e4000000, 0x0000000100000000)
  eden space 49152K, 0% used [0x00000000e0000000,0x00000000e0000000,0x00000000e3000000)
  from space 8192K, 99% used [0x00000000e3800000,0x00000000e3ffb5e8,0x00000000e4000000)
  to   space 8192K, 0% used [0x00000000e3000000,0x00000000e3000000,0x00000000e3800000)
 ParOldGen       total 131072K, used 2535K [0x00000000a0000000, 0x00000000a8000000, 0x00000000e0000000)
  object space 131072K, 1% used [0x00000000a0000000,0x00000000a0279e78,0x00000000a8000000)
 Metaspace       used 20665K, capacity 21022K, committed 21248K, reserved 1067008K
  class space    used 2835K, capacity 2993K, committed 3072K, reserved 1048576K
Event: 4.819 GC heap after
Heap after GC invocations=5 (full 1):
 PSYoungGen      total 57344K, used 0K [0x00000000e0000000, 0x00000000e4000000, 0x0000000100000000)
  eden space 49152K, 0% used [0x00000000e0000000,0x00000000e0000000,0x00000000e3000000)
  from space 8192K, 0% used [0x00000000e3800000,0x00000000e3800000,0x00000000e4000000)
  to   space 8192K, 0% used [0x00000000e3000000,0x00000000e3000000,0x00000000e3800000)
 ParOldGen       total 83456K, used 8839K [0x00000000a0000000, 0x00000000a5180000, 0x00000000e0000000)
  object space 83456K, 10% used [0x00000000a0000000,0x00000000a08a1c88,0x00000000a5180000)
 Metaspace       used 20665K, capacity 21022K, committed 21248K, reserved 1067008K
  class space    used 2835K, capacity 2993K, committed 3072K, reserved 1048576K
}
Event: 6.081 GC heap before
{Heap before GC invocations=6 (full 1):
 PSYoungGen      total 57344K, used 49152K [0x00000000e0000000, 0x00000000e4000000, 0x0000000100000000)
  eden space 49152K, 100% used [0x00000000e0000000,0x00000000e3000000,0x00000000e3000000)
  from space 8192K, 0% used [0x00000000e3800000,0x00000000e3800000,0x00000000e4000000)
  to   space 8192K, 0% used [0x00000000e3000000,0x00000000e3000000,0x00000000e3800000)
 ParOldGen       total 83456K, used 8848K [0x00000000a0000000, 0x00000000a5180000, 0x00000000e0000000)
  object space 83456K, 10% used [0x00000000a0000000,0x00000000a08a40c0,0x00000000a5180000)
 Metaspace       used 26605K, capacity 27024K, committed 27392K, reserved 1073152K
  class space    used 3619K, capacity 3797K, committed 3840K, reserved 1048576K
Event: 6.097 GC heap after
Heap after GC invocations=6 (full 1):
 PSYoungGen      total 57344K, used 6150K [0x00000000e0000000, 0x00000000e5e80000, 0x0000000100000000)
  eden space 49152K, 0% used [0x00000000e0000000,0x00000000e0000000,0x00000000e3000000)
  from space 8192K, 75% used [0x00000000e3000000,0x00000000e3601968,0x00000000e3800000)
  to   space 11264K, 0% used [0x00000000e5380000,0x00000000e5380000,0x00000000e5e80000)
 ParOldGen       total 83456K, used 8856K [0x00000000a0000000, 0x00000000a5180000, 0x00000000e0000000)
  object space 83456K, 10% used [0x00000000a0000000,0x00000000a08a60c0,0x00000000a5180000)
 Metaspace       used 26605K, capacity 27024K, committed 27392K, reserved 1073152K
  class space    used 3619K, capacity 3797K, committed 3840K, reserved 1048576K
}
Event: 6.864 GC heap before
{Heap before GC invocations=7 (full 1):
 PSYoungGen      total 57344K, used 55302K [0x00000000e0000000, 0x00000000e5e80000, 0x0000000100000000)
  eden space 49152K, 100% used [0x00000000e0000000,0x00000000e3000000,0x00000000e3000000)
  from space 8192K, 75% used [0x00000000e3000000,0x00000000e3601968,0x00000000e3800000)
  to   space 11264K, 0% used [0x00000000e5380000,0x00000000e5380000,0x00000000e5e80000)
 ParOldGen       total 83456K, used 8856K [0x00000000a0000000, 0x00000000a5180000, 0x00000000e0000000)
  object space 83456K, 10% used [0x00000000a0000000,0x00000000a08a60c0,0x00000000a5180000)
 Metaspace       used 29590K, capacity 29920K, committed 30336K, reserved 1075200K
  class space    used 4016K, capacity 4163K, committed 4224K, reserved 1048576K
Event: 6.881 GC heap after
Heap after GC invocations=7 (full 1):
 PSYoungGen      total 85504K, used 6474K [0x00000000e0000000, 0x00000000e6080000, 0x0000000100000000)
  eden space 74240K, 0% used [0x00000000e0000000,0x00000000e0000000,0x00000000e4880000)
  from space 11264K, 57% used [0x00000000e5380000,0x00000000e59d2ae0,0x00000000e5e80000)
  to   space 11264K, 0% used [0x00000000e4880000,0x00000000e4880000,0x00000000e5380000)
 ParOldGen       total 83456K, used 8864K [0x00000000a0000000, 0x00000000a5180000, 0x00000000e0000000)
  object space 83456K, 10% used [0x00000000a0000000,0x00000000a08a80c0,0x00000000a5180000)
 Metaspace       used 29590K, capacity 29920K, committed 30336K, reserved 1075200K
  class space    used 4016K, capacity 4163K, committed 4224K, reserved 1048576K
}

